{
  "RSpec": {
    "coverage": {
      "/Users/chayadasansiriwong/Desktop/csanann/Projects/chitter/spec/integration/app_spec.rb": {
        "lines": [

        ]
      },
      "/Users/chayadasansiriwong/Desktop/csanann/Projects/chitter/spec/user_repository_spec.rb": {
        "lines": [
          null,
          null,
          1,
          1,
          1,
          null,
          1,
          null,
          1,
          5,
          null,
          null,
          1,
          1,
          1,
          null,
          1,
          1,
          1,
          1,
          1,
          null,
          null,
          null,
          null,
          null,
          null,
          1,
          1,
          1,
          1,
          1,
          1,
          1,
          null,
          1,
          1,
          null,
          1,
          1,
          1,
          1,
          1,
          1,
          null,
          null,
          null,
          1,
          1,
          1,
          null,
          1,
          1,
          null,
          null,
          1,
          1,
          1,
          1,
          1,
          1,
          null,
          1,
          1,
          1,
          1,
          null,
          null,
          1,
          1,
          1,
          1,
          1,
          1,
          null,
          1,
          1,
          1,
          1,
          null,
          null
        ]
      },
      "/Users/chayadasansiriwong/Desktop/csanann/Projects/chitter/lib/user_repository.rb": {
        "lines": [
          null,
          null,
          1,
          1,
          null,
          null,
          1,
          null,
          1,
          3,
          null,
          3,
          3,
          3,
          null,
          null,
          null,
          null,
          1,
          2,
          null,
          2,
          2,
          null,
          2,
          5,
          null,
          2,
          null,
          null,
          1,
          3,
          3,
          null,
          3,
          3,
          null,
          null,
          1,
          2,
          2,
          null,
          2,
          null,
          1,
          null,
          null,
          null,
          1,
          null,
          1,
          8,
          8,
          8,
          8,
          8,
          8,
          null,
          8,
          null,
          null,
          1,
          2,
          null,
          null
        ]
      },
      "/Users/chayadasansiriwong/Desktop/csanann/Projects/chitter/lib/user.rb": {
        "lines": [
          null,
          1,
          1,
          null
        ]
      }
    },
    "timestamp": 1684061012
  }
}
